<?xml version="1.0" encoding="UTF-8"?>
<testsuite xmlns:xsi="http://www.w3.org/2001/XMLSchema-instance" xsi:noNamespaceSchemaLocation="https://maven.apache.org/surefire/maven-surefire-plugin/xsd/surefire-test-report-3.0.xsd" version="3.0" name="com.lanka.job.service.JobLifecycleTest" time="0.046" tests="11" errors="0" skipped="0" failures="0">
  <properties>
[...]
</properties>
  <testcase name="flaggedJobRecovery" classname="com.lanka.job.service.JobLifecycleTest" time="0.016"/>
  <testcase name="happyPath" classname="com.lanka.job.service.JobLifecycleTest" time="0.002"/>
  <testcase name="completedCannotReopen" classname="com.lanka.job.service.JobLifecycleTest" time="0.001"/>
  <testcase name="openJobAlternatives" classname="com.lanka.job.service.JobLifecycleTest" time="0.001"/>
  <testcase name="normalizesLegacyValue" classname="com.lanka.job.service.JobLifecycleTest" time="0.002"/>
  <testcase name="blockedApplicationReasons" classname="com.lanka.job.service.JobLifecycleTest" time="0.001"/>
  <testcase name="unknownStatusRejected" classname="com.lanka.job.service.JobLifecycleTest" time="0.001"/>
  <testcase name="terminalStatusesAreFrozen" classname="com.lanka.job.service.JobLifecycleTest" time="0.002"/>
  <testcase name="assignedCanComplete" classname="com.lanka.job.service.JobLifecycleTest" time="0.0"/>
  <testcase name="onlyOpenIsApplyable" classname="com.lanka.job.service.JobLifecycleTest" time="0.001"/>
  <testcase name="defaultsToOpen" classname="com.lanka.job.service.JobLifecycleTest" time="0.0"/>
</testsuite>